<?xml version="1.0" encoding="UTF-8"?>
<!-- Generated by org.testng.reporters.JUnitReportReporter -->
<testsuite hostname="shambuDesktop" failures="0" tests="1" name="tests.New_Test" time="0.019" errors="0" timestamp="2025-01-29T21:50:02 CST" skipped="0">
  <testcase classname="tests.New_Test" name="newtest" time="0.019"/>
</testsuite> <!-- tests.New_Test -->
