<?xml version="1.0" encoding="UTF-8"?>
<!-- Generated by org.testng.reporters.JUnitReportReporter -->
<testsuite hostname="shambuDesktop" failures="0" tests="5" name="tests.TC001_LoginTest" time="34.037" errors="0" timestamp="2025-01-29T01:11:17 CST" skipped="0">
  <testcase classname="tests.TC001_LoginTest" name="verifyLogin" time="2.213"/>
  <testcase classname="tests.TC001_LoginTest" name="verifyLogin" time="12.009"/>
  <testcase classname="tests.TC001_LoginTest" name="verifyLogin" time="3.745"/>
  <testcase classname="tests.TC001_LoginTest" name="verifyLogin" time="2.783"/>
  <testcase classname="tests.TC001_LoginTest" name="verifyLogin" time="13.287"/>
</testsuite> <!-- tests.TC001_LoginTest -->
