<?xml version="1.0" encoding="UTF-8"?>
<!-- Generated by org.testng.reporters.JUnitReportReporter -->
<testsuite hostname="shambuDesktop" failures="0" tests="1" name="tests.TC002_AccountRegistrationTest" time="3.913" errors="0" timestamp="2025-01-29T01:11:17 CST" skipped="0">
  <testcase classname="tests.TC002_AccountRegistrationTest" name="verify_AccountRegistration" time="3.913"/>
</testsuite> <!-- tests.TC002_AccountRegistrationTest -->
